<?xml version="1.0" encoding="UTF-8"?>
<testng-results ignored="0" total="0" passed="0" failed="0" skipped="0">
  <reporter-output>
  </reporter-output>
  <suite started-at="2022-05-13T05:29:00 GMT-05:00" name="Suite" finished-at="2022-05-13T05:29:00 GMT-05:00" duration-ms="17">
    <groups>
    </groups>
    <test started-at="2022-05-13T05:29:00 GMT-05:00" name="Test" finished-at="2022-05-13T05:29:00 GMT-05:00" duration-ms="17">
    </test> <!-- Test -->
  </suite> <!-- Suite -->
</testng-results>
